Added Component: Designator=C1(HDR1X4)
Added Component: Designator=C2(HDR1X4)
Added Component: Designator=C3(HDR1X4)
Added Component: Designator=Cap1(CAPR5-4X5)
Added Component: Designator=Cap2(CAPR5-4X5)
Added Component: Designator=DS1(9V)
Added Component: Designator=NRF(HDR2X4)
Added Component: Designator=P1(PCBComponent_1)
Added Component: Designator=P2(PCBComponent_1)
Added Component: Designator=P3(PCBComponent_1)
Added Component: Designator=P4(HDR1X2)
Added Component: Designator=P5(HDR2X4)
Added Component: Designator=P6(SOT-223)
Added Component: Designator=U1(PCBComponent_1)
Added Pin To Net: NetName=3V3 Pin=Cap1-1
Added Pin To Net: NetName=3V3 Pin=NRF-2
Added Pin To Net: NetName=3V3 Pin=P1-15
Added Pin To Net: NetName=3V3 Pin=P2-15
Added Pin To Net: NetName=3V3 Pin=P3-15
Added Pin To Net: NetName=3V3 Pin=P5-2
Added Pin To Net: NetName=3V3 Pin=P5-4
Added Pin To Net: NetName=3V3 Pin=P5-6
Added Pin To Net: NetName=3V3 Pin=P5-8
Added Pin To Net: NetName=3V3 Pin=P6-2
Added Pin To Net: NetName=3V3 Pin=P6-4
Added Net: Name=3V3
Added Pin To Net: NetName=12V Pin=Cap2-1
Added Pin To Net: NetName=12V Pin=DS1-2
Added Pin To Net: NetName=12V Pin=P1-9
Added Pin To Net: NetName=12V Pin=P2-9
Added Pin To Net: NetName=12V Pin=P3-9
Added Pin To Net: NetName=12V Pin=P6-3
Added Net: Name=12V
Added Pin To Net: NetName=DIRX Pin=P1-8
Added Net: Name=DIRX
Added Pin To Net: NetName=DIRY Pin=P2-8
Added Net: Name=DIRY
Added Pin To Net: NetName=DIRZ Pin=P3-8
Added Net: Name=DIRZ
Added Pin To Net: NetName=GND Pin=Cap1-2
Added Pin To Net: NetName=GND Pin=Cap2-2
Added Pin To Net: NetName=GND Pin=DS1-1
Added Pin To Net: NetName=GND Pin=NRF-1
Added Pin To Net: NetName=GND Pin=P1-4
Added Pin To Net: NetName=GND Pin=P1-10
Added Pin To Net: NetName=GND Pin=P1-16
Added Pin To Net: NetName=GND Pin=P2-3
Added Pin To Net: NetName=GND Pin=P2-4
Added Pin To Net: NetName=GND Pin=P2-10
Added Pin To Net: NetName=GND Pin=P2-16
Added Pin To Net: NetName=GND Pin=P3-1
Added Pin To Net: NetName=GND Pin=P3-2
Added Pin To Net: NetName=GND Pin=P3-3
Added Pin To Net: NetName=GND Pin=P3-4
Added Pin To Net: NetName=GND Pin=P3-10
Added Pin To Net: NetName=GND Pin=P3-16
Added Pin To Net: NetName=GND Pin=P5-1
Added Pin To Net: NetName=GND Pin=P5-3
Added Pin To Net: NetName=GND Pin=P5-5
Added Pin To Net: NetName=GND Pin=P5-7
Added Pin To Net: NetName=GND Pin=P6-1
Added Net: Name=GND
Added Pin To Net: NetName=NetC1_1 Pin=C1-1
Added Pin To Net: NetName=NetC1_1 Pin=P1-11
Added Net: Name=NetC1_1
Added Pin To Net: NetName=NetC1_2 Pin=C1-2
Added Pin To Net: NetName=NetC1_2 Pin=P1-12
Added Net: Name=NetC1_2
Added Pin To Net: NetName=NetC1_3 Pin=C1-3
Added Pin To Net: NetName=NetC1_3 Pin=P1-13
Added Net: Name=NetC1_3
Added Pin To Net: NetName=NetC1_4 Pin=C1-4
Added Pin To Net: NetName=NetC1_4 Pin=P1-14
Added Net: Name=NetC1_4
Added Pin To Net: NetName=NetC2_1 Pin=C2-1
Added Pin To Net: NetName=NetC2_1 Pin=P2-11
Added Net: Name=NetC2_1
Added Pin To Net: NetName=NetC2_2 Pin=C2-2
Added Pin To Net: NetName=NetC2_2 Pin=P2-12
Added Net: Name=NetC2_2
Added Pin To Net: NetName=NetC2_3 Pin=C2-3
Added Pin To Net: NetName=NetC2_3 Pin=P2-13
Added Net: Name=NetC2_3
Added Pin To Net: NetName=NetC2_4 Pin=C2-4
Added Pin To Net: NetName=NetC2_4 Pin=P2-14
Added Net: Name=NetC2_4
Added Pin To Net: NetName=NetC3_1 Pin=C3-1
Added Pin To Net: NetName=NetC3_1 Pin=P3-11
Added Net: Name=NetC3_1
Added Pin To Net: NetName=NetC3_2 Pin=C3-2
Added Pin To Net: NetName=NetC3_2 Pin=P3-12
Added Net: Name=NetC3_2
Added Pin To Net: NetName=NetC3_3 Pin=C3-3
Added Pin To Net: NetName=NetC3_3 Pin=P3-13
Added Net: Name=NetC3_3
Added Pin To Net: NetName=NetC3_4 Pin=C3-4
Added Pin To Net: NetName=NetC3_4 Pin=P3-14
Added Net: Name=NetC3_4
Added Pin To Net: NetName=NRF_CE Pin=NRF-3
Added Net: Name=NRF_CE
Added Pin To Net: NetName=NRF_CSN Pin=NRF-4
Added Net: Name=NRF_CSN
Added Pin To Net: NetName=NRF_IRQ Pin=NRF-8
Added Net: Name=NRF_IRQ
Added Pin To Net: NetName=NRF_MISO Pin=NRF-7
Added Net: Name=NRF_MISO
Added Pin To Net: NetName=NRF_MOSI Pin=NRF-6
Added Pin To Net: NetName=NRF_MOSI Pin=U1-91
Added Net: Name=NRF_MOSI
Added Pin To Net: NetName=NRF_SCK Pin=NRF-5
Added Pin To Net: NetName=NRF_SCK Pin=U1-90
Added Net: Name=NRF_SCK
Added Pin To Net: NetName=RX Pin=P4-1
Added Pin To Net: NetName=RX Pin=U1-114
Added Net: Name=RX
Added Pin To Net: NetName=STEPX Pin=P1-7
Added Net: Name=STEPX
Added Pin To Net: NetName=STEPY Pin=P2-7
Added Net: Name=STEPY
Added Pin To Net: NetName=STEPZ Pin=P3-7
Added Net: Name=STEPZ
Added Pin To Net: NetName=TX Pin=P4-2
Added Pin To Net: NetName=TX Pin=U1-113
Added Net: Name=TX
Added Pin To Net: NetName=X_EN Pin=P1-1
Added Net: Name=X_EN
Added Pin To Net: NetName=XSET0 Pin=P1-2
Added Net: Name=XSET0
Added Pin To Net: NetName=XSET1 Pin=P1-3
Added Net: Name=XSET1
Added Pin To Net: NetName=Y_EN Pin=P2-1
Added Net: Name=Y_EN
Added Pin To Net: NetName=YSET0 Pin=P2-2
Added Net: Name=YSET0
Added Member To Class: ClassName=Sheet2 Member=Component C1 Header 4
Added Member To Class: ClassName=Sheet2 Member=Component C2 Header 4
Added Member To Class: ClassName=Sheet2 Member=Component C3 Header 4
Added Member To Class: ClassName=Sheet2 Member=Component Cap1 Cap2
Added Member To Class: ClassName=Sheet2 Member=Component Cap2
Added Member To Class: ClassName=Sheet2 Member=Component DS1 BATTERY
Added Member To Class: ClassName=Sheet2 Member=Component NRF Header 4X2
Added Member To Class: ClassName=Sheet2 Member=Component P1 Header 8X2A
Added Member To Class: ClassName=Sheet2 Member=Component P2 Header 8X2A
Added Member To Class: ClassName=Sheet2 Member=Component P3 Header 8X2A
Added Member To Class: ClassName=Sheet2 Member=Component P4 Header 2
Added Member To Class: ClassName=Sheet2 Member=Component P5 Header 4X2
Added Member To Class: ClassName=Sheet2 Member=Component P6 Header 4
Added Member To Class: ClassName=Sheet2 Member=Component U1 ZET6_3R
Added Room: Name=Sheet2
