Added Component: Designator=P2(PCBComponent_1)
Added Component: Designator=P3(PCBComponent_1)
Added Pin To Net: NetName=Y_EN Pin=P2-1
Added Pin To Net: NetName=YSET0 Pin=P2-2
Added Pin To Net: NetName=GND Pin=P2-3
Added Pin To Net: NetName=GND Pin=P2-4
Added Pin To Net: NetName=STEPY Pin=P2-7
Added Pin To Net: NetName=DIRY Pin=P2-8
Added Pin To Net: NetName=12V Pin=P2-9
Added Pin To Net: NetName=GND Pin=P2-10
Added Pin To Net: NetName=NetC2_1 Pin=P2-11
Added Pin To Net: NetName=NetC2_2 Pin=P2-12
Added Pin To Net: NetName=NetC2_3 Pin=P2-13
Added Pin To Net: NetName=NetC2_4 Pin=P2-14
Added Pin To Net: NetName=3V3 Pin=P2-15
Added Pin To Net: NetName=GND Pin=P2-16
Added Pin To Net: NetName=GND Pin=P3-1
Added Pin To Net: NetName=GND Pin=P3-2
Added Pin To Net: NetName=GND Pin=P3-3
Added Pin To Net: NetName=GND Pin=P3-4
Added Pin To Net: NetName=STEPZ Pin=P3-7
Added Pin To Net: NetName=DIRZ Pin=P3-8
Added Pin To Net: NetName=12V Pin=P3-9
Added Pin To Net: NetName=GND Pin=P3-10
Added Pin To Net: NetName=NetC3_1 Pin=P3-11
Added Pin To Net: NetName=NetC3_2 Pin=P3-12
Added Pin To Net: NetName=NetC3_3 Pin=P3-13
Added Pin To Net: NetName=NetC3_4 Pin=P3-14
Added Pin To Net: NetName=3V3 Pin=P3-15
Added Pin To Net: NetName=GND Pin=P3-16
Added Member To Class: ClassName=Sheet2 Member=Component P2 Header 8X2A
Added Member To Class: ClassName=Sheet2 Member=Component P3 Header 8X2A
Added Room: Name=Sheet2
