Removed Pin From Net: NetName=NRF_IRQ Pin=P1-7
Removed Pin From Net: NetName=NRF_CSN Pin=P1-8
Removed Pin From Net: NetName=NRF_CE Pin=P1-9
Removed Pin From Net: NetName=NRF_SCK Pin=P1-10
Removed Pin From Net: NetName=NRF_MOSI Pin=P1-11
Removed Pin From Net: NetName=NRF_MISO Pin=P1-12
Removed Pin From Net: NetName=DIRZ Pin=P2-19
Added Pin To Net: NetName=NRF_IRQ Pin=P2-12
Added Pin To Net: NetName=NRF_CSN Pin=P2-13
Added Pin To Net: NetName=NRF_CE Pin=P2-16
Added Pin To Net: NetName=NRF_MISO Pin=P2-17
Added Pin To Net: NetName=NRF_MOSI Pin=P2-18
Added Pin To Net: NetName=NRF_SCK Pin=P2-19
Added Pin To Net: NetName=PA2 Pin=P1-7
Added Net: Name=PA2
Added Pin To Net: NetName=PA3 Pin=P1-8
Added Net: Name=PA3
Added Pin To Net: NetName=PA4 Pin=P1-9
Added Net: Name=PA4
Added Pin To Net: NetName=PA5 Pin=P1-10
Added Net: Name=PA5
Added Pin To Net: NetName=PA6 Pin=P1-11
Added Net: Name=PA6
Added Pin To Net: NetName=PA7 Pin=P1-12
Added Net: Name=PA7
Added Room: Name=Sheet1
