Added Component: Designator=1117(SOT-223)
Added Component: Designator=C1(HDR1X4)
Added Component: Designator=C2(HDR1X4)
Added Component: Designator=C3(HDR1X4)
Added Component: Designator=Cap1(CAPR5-4X5)
Added Component: Designator=Cap2(CAPR5-4X5)
Added Component: Designator=DS0(9V)
Added Component: Designator=NRF(HDR2X4)
Added Component: Designator=P1(HDR1X20)
Added Component: Designator=P2(HDR1X20)
Added Component: Designator=P3(PCBComponent_1)
Added Component: Designator=P4(PCBComponent_1)
Added Component: Designator=P5(PCBComponent_1)
Added Component: Designator=P6(HDR1X4)
Added Component: Designator=P7(HDR2X4)
Added Component: Designator=R1(R1/4)
Added Component: Designator=R2(R1/4)
Added Component: Designator=U1(SOIC8P)
Added Pin To Net: NetName=GND Pin=1117-1
Added Pin To Net: NetName=3V3 Pin=1117-2
Added Pin To Net: NetName=20V Pin=1117-3
Added Pin To Net: NetName=3V3 Pin=1117-4
Added Pin To Net: NetName=NetC1_1 Pin=C1-1
Added Pin To Net: NetName=NetC1_2 Pin=C1-2
Added Pin To Net: NetName=NetC1_3 Pin=C1-3
Added Pin To Net: NetName=NetC1_4 Pin=C1-4
Added Pin To Net: NetName=NetC2_1 Pin=C2-1
Added Pin To Net: NetName=NetC2_2 Pin=C2-2
Added Pin To Net: NetName=NetC2_3 Pin=C2-3
Added Pin To Net: NetName=NetC2_4 Pin=C2-4
Added Pin To Net: NetName=NetC3_1 Pin=C3-1
Added Pin To Net: NetName=NetC3_2 Pin=C3-2
Added Pin To Net: NetName=NetC3_3 Pin=C3-3
Added Pin To Net: NetName=NetC3_4 Pin=C3-4
Added Pin To Net: NetName=3V3 Pin=Cap1-1
Added Pin To Net: NetName=GND Pin=Cap1-2
Added Pin To Net: NetName=20V Pin=Cap2-1
Added Pin To Net: NetName=GND Pin=Cap2-2
Added Pin To Net: NetName=GND Pin=DS0-1
Added Pin To Net: NetName=20V Pin=DS0-2
Added Pin To Net: NetName=GND Pin=NRF-1
Added Pin To Net: NetName=3V3 Pin=NRF-2
Added Pin To Net: NetName=NRF_CE Pin=NRF-3
Added Pin To Net: NetName=NRF_CSN Pin=NRF-4
Added Pin To Net: NetName=NRF_SCK Pin=NRF-5
Added Pin To Net: NetName=NRF_MOSI Pin=NRF-6
Added Pin To Net: NetName=NRF_MISO Pin=NRF-7
Added Pin To Net: NetName=NRF_IRQ Pin=NRF-8
Added Pin To Net: NetName=VBAT Pin=P1-1
Added Pin To Net: NetName=PC13 Pin=P1-2
Added Pin To Net: NetName=PC14 Pin=P1-3
Added Pin To Net: NetName=PC15 Pin=P1-4
Added Pin To Net: NetName=DIRX Pin=P1-5
Added Pin To Net: NetName=PA1 Pin=P1-6
Added Pin To Net: NetName=PA2 Pin=P1-7
Added Pin To Net: NetName=PA3 Pin=P1-8
Added Pin To Net: NetName=PA4 Pin=P1-9
Added Pin To Net: NetName=PA5 Pin=P1-10
Added Pin To Net: NetName=PA6 Pin=P1-11
Added Pin To Net: NetName=PA7 Pin=P1-12
Added Pin To Net: NetName=PB0 Pin=P1-13
Added Pin To Net: NetName=PB1 Pin=P1-14
Added Pin To Net: NetName=PB10 Pin=P1-15
Added Pin To Net: NetName=PB11 Pin=P1-16
Added Pin To Net: NetName=NRST Pin=P1-17
Added Pin To Net: NetName=3V3 Pin=P1-18
Added Pin To Net: NetName=GND Pin=P1-19
Added Pin To Net: NetName=GND Pin=P1-20
Added Pin To Net: NetName=3V3 Pin=P2-1
Added Pin To Net: NetName=GND Pin=P2-2
Added Pin To Net: NetName=5V Pin=P2-3
Added Pin To Net: NetName=PB9 Pin=P2-4
Added Pin To Net: NetName=PB8 Pin=P2-5
Added Pin To Net: NetName=PB7 Pin=P2-6
Added Pin To Net: NetName=PB6 Pin=P2-7
Added Pin To Net: NetName=PB5 Pin=P2-8
Added Pin To Net: NetName=PB4 Pin=P2-9
Added Pin To Net: NetName=PB3 Pin=P2-10
Added Pin To Net: NetName=PA15 Pin=P2-11
Added Pin To Net: NetName=NRF_IRQ Pin=P2-12
Added Pin To Net: NetName=NRF_CSN Pin=P2-13
Added Pin To Net: NetName=PA10 Pin=P2-14
Added Pin To Net: NetName=PA9 Pin=P2-15
Added Pin To Net: NetName=NRF_CE Pin=P2-16
Added Pin To Net: NetName=NRF_MISO Pin=P2-17
Added Pin To Net: NetName=NRF_MOSI Pin=P2-18
Added Pin To Net: NetName=NRF_SCK Pin=P2-19
Added Pin To Net: NetName=DIRY Pin=P2-20
Added Pin To Net: NetName=PB5 Pin=P3-1
Added Pin To Net: NetName=PB9 Pin=P3-2
Added Pin To Net: NetName=PB8 Pin=P3-3
Added Pin To Net: NetName=GND Pin=P3-4
Added Pin To Net: NetName=PA1 Pin=P3-7
Added Pin To Net: NetName=DIRX Pin=P3-8
Added Pin To Net: NetName=20V Pin=P3-9
Added Pin To Net: NetName=GND Pin=P3-10
Added Pin To Net: NetName=NetC1_1 Pin=P3-11
Added Pin To Net: NetName=NetC1_2 Pin=P3-12
Added Pin To Net: NetName=NetC1_3 Pin=P3-13
Added Pin To Net: NetName=NetC1_4 Pin=P3-14
Added Pin To Net: NetName=3V3 Pin=P3-15
Added Pin To Net: NetName=GND Pin=P3-16
Added Pin To Net: NetName=PB4 Pin=P4-1
Added Pin To Net: NetName=PB10 Pin=P4-2
Added Pin To Net: NetName=PB11 Pin=P4-3
Added Pin To Net: NetName=GND Pin=P4-4
Added Pin To Net: NetName=PB0 Pin=P4-7
Added Pin To Net: NetName=DIRY Pin=P4-8
Added Pin To Net: NetName=20V Pin=P4-9
Added Pin To Net: NetName=GND Pin=P4-10
Added Pin To Net: NetName=NetC2_1 Pin=P4-11
Added Pin To Net: NetName=NetC2_2 Pin=P4-12
Added Pin To Net: NetName=NetC2_3 Pin=P4-13
Added Pin To Net: NetName=NetC2_4 Pin=P4-14
Added Pin To Net: NetName=3V3 Pin=P4-15
Added Pin To Net: NetName=GND Pin=P4-16
Added Pin To Net: NetName=GND Pin=P5-1
Added Pin To Net: NetName=GND Pin=P5-2
Added Pin To Net: NetName=GND Pin=P5-3
Added Pin To Net: NetName=GND Pin=P5-4
Added Pin To Net: NetName=PB1 Pin=P5-7
Added Pin To Net: NetName=DIRZ Pin=P5-8
Added Pin To Net: NetName=20V Pin=P5-9
Added Pin To Net: NetName=GND Pin=P5-10
Added Pin To Net: NetName=NetC3_1 Pin=P5-11
Added Pin To Net: NetName=NetC3_2 Pin=P5-12
Added Pin To Net: NetName=NetC3_3 Pin=P5-13
Added Pin To Net: NetName=NetC3_4 Pin=P5-14
Added Pin To Net: NetName=3V3 Pin=P5-15
Added Pin To Net: NetName=GND Pin=P5-16
Added Pin To Net: NetName=3V3 Pin=P6-1
Added Pin To Net: NetName=PA10 Pin=P6-2
Added Pin To Net: NetName=PA9 Pin=P6-3
Added Pin To Net: NetName=GND Pin=P6-4
Added Pin To Net: NetName=GND Pin=P7-1
Added Pin To Net: NetName=3V3 Pin=P7-2
Added Pin To Net: NetName=GND Pin=P7-3
Added Pin To Net: NetName=3V3 Pin=P7-4
Added Pin To Net: NetName=GND Pin=P7-5
Added Pin To Net: NetName=3V3 Pin=P7-6
Added Pin To Net: NetName=GND Pin=P7-7
Added Pin To Net: NetName=3V3 Pin=P7-8
Added Pin To Net: NetName=PB6 Pin=R1-1
Added Pin To Net: NetName=3V3 Pin=R1-2
Added Pin To Net: NetName=PB7 Pin=R2-1
Added Pin To Net: NetName=3V3 Pin=R2-2
Added Pin To Net: NetName=GND Pin=U1-1
Added Pin To Net: NetName=GND Pin=U1-2
Added Pin To Net: NetName=GND Pin=U1-3
Added Pin To Net: NetName=GND Pin=U1-4
Added Pin To Net: NetName=PB7 Pin=U1-5
Added Pin To Net: NetName=PB6 Pin=U1-6
Added Pin To Net: NetName=GND Pin=U1-7
Added Pin To Net: NetName=3V3 Pin=U1-8
Added Member To Class: ClassName=Sheet1 Member=Component 1117 Header 4
Added Member To Class: ClassName=Sheet1 Member=Component C1 Header 4
Added Member To Class: ClassName=Sheet1 Member=Component C2 Header 4
Added Member To Class: ClassName=Sheet1 Member=Component C3 Header 4
Added Member To Class: ClassName=Sheet1 Member=Component Cap1 Cap2
Added Member To Class: ClassName=Sheet1 Member=Component Cap2
Added Member To Class: ClassName=Sheet1 Member=Component DS0 BATTERY
Added Member To Class: ClassName=Sheet1 Member=Component NRF Header 4X2
Added Member To Class: ClassName=Sheet1 Member=Component P1 Header 20
Added Member To Class: ClassName=Sheet1 Member=Component P2 Header 20
Added Member To Class: ClassName=Sheet1 Member=Component P3 Header 8X2A
Added Member To Class: ClassName=Sheet1 Member=Component P4 Header 8X2A
Added Member To Class: ClassName=Sheet1 Member=Component P5 Header 8X2A
Added Member To Class: ClassName=Sheet1 Member=Component P6 Header 4
Added Member To Class: ClassName=Sheet1 Member=Component P7 Header 4X2
Added Member To Class: ClassName=Sheet1 Member=Component R1 Res2
Added Member To Class: ClassName=Sheet1 Member=Component R2 Res2
Added Member To Class: ClassName=Sheet1 Member=Component U1 AT24C02
Added Room: Name=Sheet1
