Change Component Designator: OldDesignator=DS? NewDesignator=DS0
Added Component: Designator=?(SOT-223)
Added Component: Designator=Cap1(CAPR5-4X5)
Added Component: Designator=Cap2(CAPR5-4X5)
Added Pin To Net: NetName=GND Pin=?-1
Added Pin To Net: NetName=3V3 Pin=?-2
Added Pin To Net: NetName=20V Pin=?-3
Added Pin To Net: NetName=3V3 Pin=?-4
Added Pin To Net: NetName=3V3 Pin=Cap1-1
Added Pin To Net: NetName=GND Pin=Cap1-2
Added Pin To Net: NetName=20V Pin=Cap2-1
Added Pin To Net: NetName=GND Pin=Cap2-2
Added Pin To Net: NetName=GND Pin=DS0-1
Added Pin To Net: NetName=GND Pin=P3-10
Added Pin To Net: NetName=GND Pin=P4-10
Added Pin To Net: NetName=GND Pin=P5-10
Added Member To Class: ClassName=Sheet1 Member=Component ? Header 4
Added Member To Class: ClassName=Sheet1 Member=Component Cap1 Cap2
Added Member To Class: ClassName=Sheet1 Member=Component Cap2
Added Room: Name=Sheet1
