Added Component: Designator=P1(HDR1X20)
Added Component: Designator=P2(HDR1X20)
Added Pin To Net: NetName=3V3 Pin=P1-18
Added Pin To Net: NetName=3V3 Pin=P2-1
Added Net: Name=3V3
Added Pin To Net: NetName=5V Pin=P2-3
Added Net: Name=5V
Added Pin To Net: NetName=GND Pin=P1-19
Added Pin To Net: NetName=GND Pin=P1-20
Added Pin To Net: NetName=GND Pin=P2-2
Added Net: Name=GND
Added Pin To Net: NetName=NRST Pin=P1-17
Added Net: Name=NRST
Added Pin To Net: NetName=PA0 Pin=P1-5
Added Net: Name=PA0
Added Pin To Net: NetName=PA1 Pin=P1-6
Added Net: Name=PA1
Added Pin To Net: NetName=PA2 Pin=P1-7
Added Net: Name=PA2
Added Pin To Net: NetName=PA3 Pin=P1-8
Added Net: Name=PA3
Added Pin To Net: NetName=PA4 Pin=P1-9
Added Net: Name=PA4
Added Pin To Net: NetName=PA5 Pin=P1-10
Added Net: Name=PA5
Added Pin To Net: NetName=PA6 Pin=P1-11
Added Net: Name=PA6
Added Pin To Net: NetName=PA7 Pin=P1-12
Added Net: Name=PA7
Added Pin To Net: NetName=PA8 Pin=P2-16
Added Net: Name=PA8
Added Pin To Net: NetName=PA9 Pin=P2-15
Added Net: Name=PA9
Added Pin To Net: NetName=PA10 Pin=P2-14
Added Net: Name=PA10
Added Pin To Net: NetName=PA11 Pin=P2-13
Added Net: Name=PA11
Added Pin To Net: NetName=PA12 Pin=P2-12
Added Net: Name=PA12
Added Pin To Net: NetName=PA15 Pin=P2-11
Added Net: Name=PA15
Added Pin To Net: NetName=PB0 Pin=P1-13
Added Net: Name=PB0
Added Pin To Net: NetName=PB1 Pin=P1-14
Added Net: Name=PB1
Added Pin To Net: NetName=PB3 Pin=P2-10
Added Net: Name=PB3
Added Pin To Net: NetName=PB4 Pin=P2-9
Added Net: Name=PB4
Added Pin To Net: NetName=PB5 Pin=P2-8
Added Net: Name=PB5
Added Pin To Net: NetName=PB6 Pin=P2-7
Added Net: Name=PB6
Added Pin To Net: NetName=PB7 Pin=P2-6
Added Net: Name=PB7
Added Pin To Net: NetName=PB8 Pin=P2-5
Added Net: Name=PB8
Added Pin To Net: NetName=PB9 Pin=P2-4
Added Net: Name=PB9
Added Pin To Net: NetName=PB10 Pin=P1-15
Added Net: Name=PB10
Added Pin To Net: NetName=PB11 Pin=P1-16
Added Net: Name=PB11
Added Pin To Net: NetName=PB12 Pin=P2-20
Added Net: Name=PB12
Added Pin To Net: NetName=PB13 Pin=P2-19
Added Net: Name=PB13
Added Pin To Net: NetName=PB14 Pin=P2-18
Added Net: Name=PB14
Added Pin To Net: NetName=PB15 Pin=P2-17
Added Net: Name=PB15
Added Pin To Net: NetName=PC13 Pin=P1-2
Added Net: Name=PC13
Added Pin To Net: NetName=PC14 Pin=P1-3
Added Net: Name=PC14
Added Pin To Net: NetName=PC15 Pin=P1-4
Added Net: Name=PC15
Added Pin To Net: NetName=VBAT Pin=P1-1
Added Net: Name=VBAT
Added Class: Name=Sheet1
Added Room: Name=Sheet1
