Added Component: Designator=DS?(9V)
Added Component: Designator=R1(0805-R)
Added Component: Designator=R2(0805-R)
Added Component: Designator=U1(SOIC8P)
Added Pin To Net: NetName=PB6 Pin=R1-1
Added Pin To Net: NetName=3V3 Pin=R1-2
Added Pin To Net: NetName=PB7 Pin=R2-1
Added Pin To Net: NetName=3V3 Pin=R2-2
Added Pin To Net: NetName=GND Pin=U1-1
Added Pin To Net: NetName=GND Pin=U1-2
Added Pin To Net: NetName=GND Pin=U1-3
Added Pin To Net: NetName=GND Pin=U1-4
Added Pin To Net: NetName=PB7 Pin=U1-5
Added Pin To Net: NetName=PB6 Pin=U1-6
Added Pin To Net: NetName=GND Pin=U1-7
Added Pin To Net: NetName=3V3 Pin=U1-8
Added Member To Class: ClassName=Sheet1 Member=Component DS? BATTERY
Added Member To Class: ClassName=Sheet1 Member=Component R1 Res2
Added Member To Class: ClassName=Sheet1 Member=Component R2 Res2
Added Member To Class: ClassName=Sheet1 Member=Component U1 AT24C02
Added Room: Name=Sheet1
