Added Component: Designator=C1(HDR1X4)
Added Component: Designator=C2(HDR1X4)
Added Component: Designator=C3(HDR1X4)
Added Component: Designator=P3(HDR2X8_CEN)
Added Component: Designator=P4(HDR2X8_CEN)
Added Component: Designator=P5(HDR2X8_CEN)
Added Pin To Net: NetName=GND Pin=P3-1
Added Pin To Net: NetName=GND Pin=P3-4
Added Pin To Net: NetName=PA1 Pin=P3-7
Added Pin To Net: NetName=3V3 Pin=P3-15
Added Pin To Net: NetName=GND Pin=P3-16
Added Pin To Net: NetName=GND Pin=P4-1
Added Pin To Net: NetName=GND Pin=P4-4
Added Pin To Net: NetName=PB0 Pin=P4-7
Added Pin To Net: NetName=3V3 Pin=P4-15
Added Pin To Net: NetName=GND Pin=P4-16
Added Pin To Net: NetName=GND Pin=P5-1
Added Pin To Net: NetName=GND Pin=P5-2
Added Pin To Net: NetName=GND Pin=P5-3
Added Pin To Net: NetName=GND Pin=P5-4
Added Pin To Net: NetName=PB1 Pin=P5-7
Added Pin To Net: NetName=3V3 Pin=P5-15
Added Pin To Net: NetName=GND Pin=P5-16
Added Pin To Net: NetName=20V Pin=P3-9
Added Pin To Net: NetName=20V Pin=P4-9
Added Pin To Net: NetName=20V Pin=P5-9
Added Net: Name=20V
Added Pin To Net: NetName=DGND Pin=P3-10
Added Pin To Net: NetName=DGND Pin=P4-10
Added Pin To Net: NetName=DGND Pin=P5-10
Added Net: Name=DGND
Added Pin To Net: NetName=DIRX Pin=P3-8
Added Net: Name=DIRX
Added Pin To Net: NetName=DIRY Pin=P4-8
Added Net: Name=DIRY
Added Pin To Net: NetName=DIRZ Pin=P5-8
Added Net: Name=DIRZ
Added Pin To Net: NetName=NetC1_1 Pin=C1-1
Added Pin To Net: NetName=NetC1_1 Pin=P3-11
Added Net: Name=NetC1_1
Added Pin To Net: NetName=NetC1_2 Pin=C1-2
Added Pin To Net: NetName=NetC1_2 Pin=P3-12
Added Net: Name=NetC1_2
Added Pin To Net: NetName=NetC1_3 Pin=C1-3
Added Pin To Net: NetName=NetC1_3 Pin=P3-13
Added Net: Name=NetC1_3
Added Pin To Net: NetName=NetC1_4 Pin=C1-4
Added Pin To Net: NetName=NetC1_4 Pin=P3-14
Added Net: Name=NetC1_4
Added Pin To Net: NetName=NetC2_1 Pin=C2-1
Added Pin To Net: NetName=NetC2_1 Pin=P4-11
Added Net: Name=NetC2_1
Added Pin To Net: NetName=NetC2_2 Pin=C2-2
Added Pin To Net: NetName=NetC2_2 Pin=P4-12
Added Net: Name=NetC2_2
Added Pin To Net: NetName=NetC2_3 Pin=C2-3
Added Pin To Net: NetName=NetC2_3 Pin=P4-13
Added Net: Name=NetC2_3
Added Pin To Net: NetName=NetC2_4 Pin=C2-4
Added Pin To Net: NetName=NetC2_4 Pin=P4-14
Added Net: Name=NetC2_4
Added Pin To Net: NetName=NetC3_1 Pin=C3-1
Added Pin To Net: NetName=NetC3_1 Pin=P5-11
Added Net: Name=NetC3_1
Added Pin To Net: NetName=NetC3_2 Pin=C3-2
Added Pin To Net: NetName=NetC3_2 Pin=P5-12
Added Net: Name=NetC3_2
Added Pin To Net: NetName=NetC3_3 Pin=C3-3
Added Pin To Net: NetName=NetC3_3 Pin=P5-13
Added Net: Name=NetC3_3
Added Pin To Net: NetName=NetC3_4 Pin=C3-4
Added Pin To Net: NetName=NetC3_4 Pin=P5-14
Added Net: Name=NetC3_4
Added Member To Class: ClassName=Sheet1 Member=Component C1 Header 4
Added Member To Class: ClassName=Sheet1 Member=Component C2 Header 4
Added Member To Class: ClassName=Sheet1 Member=Component C3 Header 4
Added Member To Class: ClassName=Sheet1 Member=Component P1 Header 20
Added Member To Class: ClassName=Sheet1 Member=Component P2 Header 20
Added Member To Class: ClassName=Sheet1 Member=Component P3 Header 8X2A
Added Member To Class: ClassName=Sheet1 Member=Component P4 Header 8X2A
Added Member To Class: ClassName=Sheet1 Member=Component P5 Header 8X2A
Added Room: Name=Sheet1
