Added Component: Designator=NRF(HDR2X4)
Added Pin To Net: NetName=GND Pin=NRF-1
Added Pin To Net: NetName=3V3 Pin=NRF-2
Added Pin To Net: NetName=NRF_CE Pin=NRF-3
Added Pin To Net: NetName=NRF_CE Pin=P1-8
Added Net: Name=NRF_CE
Added Pin To Net: NetName=NRF_CSN Pin=NRF-4
Added Pin To Net: NetName=NRF_CSN Pin=P1-9
Added Net: Name=NRF_CSN
Added Pin To Net: NetName=NRF_IRQ Pin=NRF-8
Added Pin To Net: NetName=NRF_IRQ Pin=P1-7
Added Net: Name=NRF_IRQ
Added Pin To Net: NetName=NRF_MISO Pin=NRF-7
Added Pin To Net: NetName=NRF_MISO Pin=P1-12
Added Net: Name=NRF_MISO
Added Pin To Net: NetName=NRF_MOSI Pin=NRF-6
Added Pin To Net: NetName=NRF_MOSI Pin=P1-11
Added Net: Name=NRF_MOSI
Added Pin To Net: NetName=NRF_SCK Pin=NRF-5
Added Pin To Net: NetName=NRF_SCK Pin=P1-10
Added Net: Name=NRF_SCK
Added Member To Class: ClassName=Sheet1 Member=Component NRF Header 4X2
Added Room: Name=Sheet1
